<?xml version="1.0" encoding="UTF-8"?>
<!-- Generated by org.testng.reporters.JUnitReportReporter -->
<testsuite hostname="MurshiNisar" failures="0" tests="1" name="testngpackage.Actionrightdoubleclick" time="6.871" errors="0" timestamp="2023-04-26T18:32:13 IST" skipped="0">
  <testcase classname="testngpackage.Actionrightdoubleclick" name="test" time="6.871"/>
  <system-out/>
</testsuite> <!-- testngpackage.Actionrightdoubleclick -->
