<?xml version="1.0" encoding="UTF-8"?>
<!-- Generated by org.testng.reporters.JUnitReportReporter -->
<testsuite hostname="MurshiNisar" failures="0" tests="1" name="testngpackage.Scrolldownamazonpgm" time="3.234" errors="0" timestamp="2023-04-26T10:26:56 IST" skipped="0">
  <testcase classname="testngpackage.Scrolldownamazonpgm" name="scrolldown" time="3.234"/>
  <system-out/>
</testsuite> <!-- testngpackage.Scrolldownamazonpgm -->
