<?xml version="1.0" encoding="UTF-8"?>
<!-- Generated by org.testng.reporters.JUnitReportReporter -->
<testsuite hostname="MurshiNisar" failures="0" tests="1" name="testngpackage.Draganddropactions" time="6.318" errors="0" timestamp="2023-04-26T09:24:45 IST" skipped="0">
  <testcase classname="testngpackage.Draganddropactions" name="draganddrop" time="6.318"/>
  <system-out/>
</testsuite> <!-- testngpackage.Draganddropactions -->
