<?xml version="1.0" encoding="UTF-8"?>
<!-- Generated by org.testng.reporters.JUnitReportReporter -->
<testsuite hostname="MurshiNisar" failures="0" tests="1" name="test.Fblogintest" time="0.323" errors="0" timestamp="2023-05-24T00:25:46 IST" skipped="0">
  <testcase classname="test.Fblogintest" name="testlogin" time="0.323"/>
  <system-out/>
</testsuite> <!-- test.Fblogintest -->
