<?xml version="1.0" encoding="UTF-8"?>
<!-- Generated by org.testng.reporters.JUnitReportReporter -->
<testsuite hostname="MurshiNisar" failures="0" tests="6" name="testngpackage.Testnggrouping" time="0.013" errors="0" timestamp="2023-05-28T21:23:19 IST" skipped="0">
  <testcase classname="testngpackage.Testnggrouping" name="test1" time="0.005"/>
  <system-out/>
  <testcase classname="testngpackage.Testnggrouping" name="test6" time="0.002"/>
  <system-out/>
  <testcase classname="testngpackage.Testnggrouping" name="test4" time="0.001"/>
  <system-out/>
  <testcase classname="testngpackage.Testnggrouping" name="test3" time="0.001"/>
  <system-out/>
  <testcase classname="testngpackage.Testnggrouping" name="test2" time="0.001"/>
  <system-out/>
  <testcase classname="testngpackage.Testnggrouping" name="test5" time="0.003"/>
  <system-out/>
</testsuite> <!-- testngpackage.Testnggrouping -->
