<?xml version="1.0" encoding="UTF-8"?>
<!-- Generated by org.testng.reporters.JUnitReportReporter -->
<testsuite hostname="MurshiNisar" failures="0" tests="1" name="testngpackage.Fileuploadrobotclass" time="6.883" errors="0" timestamp="2023-05-01T15:26:03 IST" skipped="0">
  <testcase classname="testngpackage.Fileuploadrobotclass" name="fileuploading" time="6.883"/>
  <system-out/>
</testsuite> <!-- testngpackage.Fileuploadrobotclass -->
