<?xml version="1.0" encoding="UTF-8"?>
<!-- Generated by org.testng.reporters.JUnitReportReporter -->
<testsuite hostname="MurshiNisar" failures="0" tests="1" name="seleniumpractise.LinkCountYatra" time="3.019" errors="0" timestamp="2023-06-12T11:20:03 IST" skipped="0">
  <testcase classname="seleniumpractise.LinkCountYatra" name="test" time="3.019"/>
  <system-out/>
</testsuite> <!-- seleniumpractise.LinkCountYatra -->
