<?xml version="1.0" encoding="UTF-8"?>
<!-- Generated by org.testng.reporters.JUnitReportReporter -->
<testsuite hostname="MurshiNisar" failures="0" tests="4" name="testngpackage.Testngannotationspgm" time="4.333" errors="0" timestamp="2023-04-20T00:49:57 IST" skipped="0">
  <testcase classname="testngpackage.Testngannotationspgm" name="titleverify" time="2.642"/>
  <system-out/>
  <testcase classname="testngpackage.Testngannotationspgm" name="buttondisplay" time="0.537"/>
  <system-out/>
  <testcase classname="testngpackage.Testngannotationspgm" name="buttondisplay" time="0.613"/>
  <system-out/>
  <testcase classname="testngpackage.Testngannotationspgm" name="buttontextverify" time="0.541"/>
  <system-out/>
</testsuite> <!-- testngpackage.Testngannotationspgm -->
