<?xml version="1.0" encoding="UTF-8"?>
<!-- Generated by org.testng.reporters.JUnitReportReporter -->
<testsuite hostname="MurshiNisar" failures="0" tests="1" name="testngpackage.Mousehoverpgmactions" time="5.210" errors="0" timestamp="2023-04-26T09:49:17 IST" skipped="0">
  <testcase classname="testngpackage.Mousehoverpgmactions" name="mousehover" time="5.210"/>
  <system-out/>
</testsuite> <!-- testngpackage.Mousehoverpgmactions -->
