<?xml version="1.0" encoding="UTF-8"?>
<!-- Generated by org.testng.reporters.JUnitReportReporter -->
<testsuite hostname="MurshiNisar" failures="0" tests="1" name="testngpackage.Testngparametergooglserch" time="3.760" errors="0" timestamp="2023-04-21T00:54:29 IST" skipped="0">
  <testcase classname="testngpackage.Testngparametergooglserch" name="main" time="3.760"/>
  <system-out/>
</testsuite> <!-- testngpackage.Testngparametergooglserch -->
