<?xml version="1.0" encoding="UTF-8"?>
<!-- Generated by org.testng.reporters.JUnitReportReporter -->
<testsuite hostname="MurshiNisar" failures="0" tests="1" name="testngpackage.Actionsclasscopypaste" time="0.512" errors="0" timestamp="2023-04-24T09:52:19 IST" skipped="0">
  <testcase classname="testngpackage.Actionsclasscopypaste" name="copypaste" time="0.512"/>
  <system-out/>
</testsuite> <!-- testngpackage.Actionsclasscopypaste -->
