<?xml version="1.0" encoding="UTF-8"?>
<!-- Generated by org.testng.reporters.JUnitReportReporter -->
<testsuite hostname="MurshiNisar" failures="0" tests="1" name="testngpackage.Testngparameter" time="0.007" errors="0" timestamp="2023-05-28T21:24:50 IST" skipped="0">
  <testcase classname="testngpackage.Testngparameter" name="value" time="0.007"/>
  <system-out/>
</testsuite> <!-- testngpackage.Testngparameter -->
