<?xml version="1.0" encoding="UTF-8"?>
<!-- Generated by org.testng.reporters.JUnitReportReporter -->
<testsuite hostname="MurshiNisar" failures="0" tests="1" name="testngpackage.Datepicker" time="1.534" errors="0" timestamp="2023-05-27T10:30:42 IST" skipped="0">
  <testcase classname="testngpackage.Datepicker" name="datepick" time="1.534"/>
  <system-out/>
</testsuite> <!-- testngpackage.Datepicker -->
