<?xml version="1.0" encoding="UTF-8"?>
<!-- Generated by org.testng.reporters.JUnitReportReporter -->
<testsuite hostname="MurshiNisar" failures="0" tests="1" name="practisepackage.Mousehoverpgm" time="2.388" errors="0" timestamp="2023-04-25T19:58:25 IST" skipped="0">
  <testcase classname="practisepackage.Mousehoverpgm" name="mousehover" time="2.388"/>
  <system-out/>
</testsuite> <!-- practisepackage.Mousehoverpgm -->
