<?xml version="1.0" encoding="UTF-8"?>
<!-- Generated by org.testng.reporters.JUnitReportReporter -->
<testsuite hostname="MurshiNisar" failures="0" tests="3" name="testngpackage.Crossbrowser" time="5.156" errors="0" timestamp="2023-04-21T01:05:17 IST" skipped="0">
  <testcase classname="testngpackage.Crossbrowser" name="test1" time="1.658"/>
  <system-out/>
  <testcase classname="testngpackage.Crossbrowser" name="test1" time="1.760"/>
  <system-out/>
  <testcase classname="testngpackage.Crossbrowser" name="test1" time="1.738"/>
  <system-out/>
</testsuite> <!-- testngpackage.Crossbrowser -->
