<?xml version="1.0" encoding="UTF-8"?>
<!-- Generated by org.testng.reporters.JUnitReportReporter -->
<testsuite hostname="MurshiNisar" failures="0" tests="1" name="testngpackage.Fileuploadsendkeys" time="0.348" errors="0" timestamp="2023-05-01T13:20:30 IST" skipped="0">
  <testcase classname="testngpackage.Fileuploadsendkeys" name="fileuploading" time="0.348"/>
  <system-out/>
</testsuite> <!-- testngpackage.Fileuploadsendkeys -->
